mktextfm AdobeSongStd-Light/OT
mktextfm AdobeSongStd-Light/OT
mktextfm AdobeSongStd-Light/OT
mktextfm AdobeSongStd-Light/BI/OT
mktextfm AdobeSongStd-Light/OT
mktextfm AdobeSongStd-Light/OT
mktextfm AdobeSongStd-Light/OT
mktextfm AdobeSongStd-Light/OT
mktextfm AdobeSongStd-Light/OT
mktextfm AdobeSongStd-Light/OT
mktextfm AdobeSongStd-Light/OT
mktextfm AdobeSongStd-Light/OT
mktextfm AdobeSongStd-Light/BI/OT
mktextfm AdobeSongStd-Light/OT
mktextfm AdobeSongStd-Light/OT
mktextfm AdobeSongStd-Light/OT
mktextfm AdobeSongStd-Light/OT
mktextfm AdobeSongStd-Light/OT
mktextfm AdobeSongStd-Light/OT
mktextfm AdobeSongStd-Light/OT
mktextfm AdobeSongStd-Light/OT
mktextfm AdobeSongStd-Light/BI/OT
mktextfm AdobeSongStd-Light/OT
mktextfm AdobeSongStd-Light/OT
mktextfm AdobeSongStd-Light/OT
mktextfm AdobeSongStd-Light/OT
mktextfm AdobeSongStd-Light/OT
mktextfm AdobeSongStd-Light/OT
mktextfm AdobeSongStd-Light/OT
mktextfm AdobeKaitiStd-Regular/OT
mktextfm AdobeKaitiStd-Regular/B/OT
mktextfm AdobeHeitiStd-Regular/OT
mktextfm AdobeHeitiStd-Regular/I/OT
mktextfm AdobeSongStd-Light/OT
mktextfm AdobeSongStd-Light/BI/OT
mktextfm AdobeSongStd-Light/OT
mktextfm AdobeSongStd-Light/OT
mktextfm AdobeHeitiStd-Regular/OT
mktextfm AdobeHeitiStd-Regular/OT
mktextfm AdobeKaitiStd-Regular/OT
mktextfm AdobeKaitiStd-Regular/OT
mktextfm AdobeHeitiStd-Regular/OT
mktextfm AdobeHeitiStd-Regular/OT
mktextfm AdobeSongStd-Light/OT
mktextfm AdobeKaitiStd-Regular/OT
mktextfm AdobeSongStd-Light/OT
mktextfm AdobeSongStd-Light/OT
mktextfm STZhongSong/OT
mktextfm STZhongSong/OT
mktextfm STZhongSong/OT
mktextfm STZhongSong/BI/OT
mktextfm STZhongSong/OT
mktextfm STZhongSong/OT
mktextfm STZhongSong/OT
mktextfm STZhongSong/OT
mktextfm STZhongSong/OT
